Hit:2 https://packages-cf.termux.org/apt/termux-main stable InRelease
Get:1 https://raw.githubusercontent.com/gushmazuko/metasploit_in_termux/master gushmazuko InRelease [7397 B]
Fetched 7397 B in 9s (796 B/s)
Reading package lists...
Reading package lists...
Building dependency tree...
Reading state information...
E: Unable to locate package python3-pip
Reading package lists...
Building dependency tree...
Reading state information...
php is already the newest version (8.1.0-2).
0 upgraded, 0 newly installed, 0 to remove and 0 not upgraded.
Reading package lists...
Building dependency tree...
Reading state information...
E: Unable to locate package ssh
Requirement already satisfied: requests in /data/data/com.termux/files/usr/lib/python3.10/site-packages (2.26.0)
Requirement already satisfied: idna<4,>=2.5 in /data/data/com.termux/files/usr/lib/python3.10/site-packages (from requests) (3.3)
Requirement already satisfied: urllib3<1.27,>=1.21.1 in /data/data/com.termux/files/usr/lib/python3.10/site-packages (from requests) (1.26.7)
Requirement already satisfied: certifi>=2017.4.17 in /data/data/com.termux/files/usr/lib/python3.10/site-packages (from requests) (2021.10.8)
Requirement already satisfied: charset-normalizer~=2.0.0 in /data/data/com.termux/files/usr/lib/python3.10/site-packages (from requests) (2.0.9)
